
================================================================
======== txAdmin v6.0.2 atop fxserver 7290 Starting - 15/11/2024, 7:05:24 pm
================================================================

================================================================
======== txAdmin v6.0.2 atop fxserver 7290 Starting - 15/11/2024, 7:06:02 pm
================================================================

================================================================
======== txAdmin v6.0.2 atop fxserver 7290 Starting - 15/11/2024, 7:06:37 pm
================================================================

================================================================
======== txAdmin v6.0.2 atop fxserver 7290 Starting - 15/11/2024, 7:08:16 pm
================================================================

================================================================
======== txAdmin v6.0.2 atop fxserver 7290 Starting - 15/11/2024, 7:09:14 pm
================================================================
[19:10:41][BEAST34] created admins file
[19:11:07][BEAST34] Changing global settings via setup stepper and started Deployer.
[19:11:11][BEAST34] Setting recipe.
[19:17:35][BEAST34] Running recipe.
[19:21:14][BEAST34] Completed and committed server deploy.
